2022-10-15 00:04:07,149 INFO  [Log] Application Opened 
2022-10-15 00:04:36,060 INFO  [Log] Login Completed 
2022-10-15 00:04:36,131 INFO  [Log] Logout Completed 
2022-10-15 00:04:36,489 INFO  [Log] Application Closed 
2022-10-15 00:05:18,552 INFO  [Log] Application Opened 
2022-10-15 00:05:45,669 INFO  [Log] Login Completed 
2022-10-15 00:05:45,735 INFO  [Log] Enter into frame 
2022-10-15 00:06:15,765 INFO  [Log] New Emp Added 
2022-10-15 00:06:15,784 INFO  [Log] Exit the Frame 
2022-10-15 00:06:15,882 INFO  [Log] Logout Completed 
2022-10-15 00:06:16,172 INFO  [Log] Application Closed 
2022-10-15 00:08:40,070 INFO  [Log] Application Opened 
2022-10-15 00:09:06,828 INFO  [Log] Login Completed 
2022-10-15 00:09:06,903 INFO  [Log] Enter into frame 
2022-10-15 00:09:34,281 INFO  [Log] New Emp Added 
2022-10-15 00:09:34,297 INFO  [Log] Exit the Frame 
2022-10-15 00:09:34,373 INFO  [Log] Logout Completed 
2022-10-15 00:09:34,619 INFO  [Log] Application Closed 
2022-10-15 00:10:18,735 INFO  [Log] Application Opened 
2022-10-15 00:10:45,605 INFO  [Log] Login Completed 
2022-10-15 00:10:45,689 INFO  [Log] Logout Completed 
2022-10-15 00:10:45,931 INFO  [Log] Application Closed 
2022-10-15 00:11:04,089 INFO  [Log] Application Opened 
2022-10-15 00:11:41,148 INFO  [Log] Login Completed 
2022-10-15 00:11:41,213 INFO  [Log] Enter into frame 
2022-10-15 00:12:07,912 INFO  [Log] New Emp Added 
2022-10-15 00:12:07,920 INFO  [Log] Exit the Frame 
2022-10-15 00:12:08,018 INFO  [Log] Logout Completed 
2022-10-15 00:12:08,272 INFO  [Log] Application Closed 
2022-10-15 13:28:15,161 INFO  [Log] Application Opened 
2022-10-15 13:28:45,589 INFO  [Log] Login Completed 
2022-10-15 13:28:45,764 INFO  [Log] Logout Completed 
2022-10-15 13:28:45,944 INFO  [Log] Application Closed 
2022-10-15 13:29:00,697 INFO  [Log] Application Opened 
2022-10-15 13:32:00,638 INFO  [Log] Login Completed 
2022-10-15 13:32:31,257 INFO  [Log] Application Opened 
2022-10-15 13:32:59,247 INFO  [Log] Login Completed 
2022-10-15 13:32:59,408 INFO  [Log] Logout Completed 
2022-10-15 13:32:59,578 INFO  [Log] Application Closed 
2022-10-15 13:33:18,717 INFO  [Log] Application Opened 
2022-10-15 13:33:44,048 INFO  [Log] Login Completed 
2022-10-15 13:33:44,138 INFO  [Log] Enter into frame 
2022-10-15 13:34:05,630 INFO  [Log] New Emp Added 
2022-10-15 13:34:05,645 INFO  [Log] Exit the Frame 
2022-10-15 13:34:05,740 INFO  [Log] Logout Completed 
2022-10-15 13:34:05,945 INFO  [Log] Application Closed 
2022-10-15 21:54:36,906 INFO  [Log] Application Opened 
2022-10-15 21:55:24,081 INFO  [Log] Login Completed 
2022-10-15 21:55:24,206 INFO  [Log] Logout Completed 
2022-10-15 21:55:26,907 INFO  [Log] Application Closed 
2022-10-15 21:55:47,928 INFO  [Log] Application Opened 
2022-10-15 21:56:18,085 INFO  [Log] Login Completed 
2022-10-15 21:56:18,245 INFO  [Log] Enter into frame 
2022-10-15 21:56:50,166 INFO  [Log] New Emp Added 
2022-10-15 21:56:50,181 INFO  [Log] Exit the Frame 
2022-10-15 21:56:50,309 INFO  [Log] Logout Completed 
2022-10-15 21:56:50,419 INFO  [Log] Application Closed 
